<?xml version="1.0" encoding="UTF-8"?>
<!-- Generated by org.testng.reporters.JUnitXMLReporter -->
<testsuite hostname="HDC1-LX-446FHJX" ignored="0" name="Default test" tests="4" failures="0" timestamp="21 Feb 2018 14:43:47 GMT" time="23.089" errors="0">
  <testcase name="login" time="4.853" classname="tests.MercuryBookAFlight"/>
  <testcase name="flightFinder" time="3.458" classname="tests.MercuryBookAFlight"/>
  <testcase name="selectFlight" time="1.669" classname="tests.MercuryBookAFlight"/>
  <testcase name="bookFlight" time="3.0" classname="tests.MercuryBookAFlight"/>
</testsuite> <!-- Default test -->
