<?xml version="1.0" encoding="UTF-8"?>
<!-- Generated by org.testng.reporters.JUnitXMLReporter -->
<testsuite hostname="HDC1-LX-446FHJX" ignored="0" name="Default test" tests="4" failures="0" timestamp="21 Feb 2018 14:36:09 GMT" time="26.056" errors="0">
  <testcase name="login" time="4.433" classname="tests.MercuryBookAFlight"/>
  <testcase name="flightFinder" time="4.568" classname="tests.MercuryBookAFlight"/>
  <testcase name="selectFlight" time="1.87" classname="tests.MercuryBookAFlight"/>
  <testcase name="bookFlight" time="4.734" classname="tests.MercuryBookAFlight"/>
</testsuite> <!-- Default test -->
