<?xml version="1.0" encoding="UTF-8"?>
<testng-results skipped="0" failed="0" ignored="0" total="1" passed="1">
  <reporter-output>
  </reporter-output>
  <suite name="Default suite" duration-ms="18520" started-at="2018-02-18T09:48:23Z" finished-at="2018-02-18T09:48:42Z">
    <groups>
    </groups>
    <test name="Default test" duration-ms="18520" started-at="2018-02-18T09:48:23Z" finished-at="2018-02-18T09:48:42Z">
      <class name="tests.Login">
        <test-method status="PASS" signature="setUp()[pri:0, instance:tests.Login@17e1b0c]" name="setUp" is-config="true" duration-ms="11679" started-at="2018-02-18T15:18:23Z" finished-at="2018-02-18T15:18:35Z">
          <reporter-output>
          </reporter-output>
        </test-method> <!-- setUp -->
        <test-method status="PASS" signature="loginTest()[pri:0, instance:tests.Login@17e1b0c]" name="loginTest" duration-ms="5686" started-at="2018-02-18T15:18:35Z" finished-at="2018-02-18T15:18:41Z">
          <reporter-output>
          </reporter-output>
        </test-method> <!-- loginTest -->
        <test-method status="PASS" signature="tearDown()[pri:0, instance:tests.Login@17e1b0c]" name="tearDown" is-config="true" duration-ms="1097" started-at="2018-02-18T15:18:41Z" finished-at="2018-02-18T15:18:42Z">
          <reporter-output>
          </reporter-output>
        </test-method> <!-- tearDown -->
      </class> <!-- tests.Login -->
    </test> <!-- Default test -->
  </suite> <!-- Default suite -->
</testng-results>
