<?xml version="1.0" encoding="UTF-8"?>
<testng-results skipped="0" failed="0" ignored="0" total="4" passed="4">
  <reporter-output>
    <line>
      <![CDATA[Browser is opened and website is launched]]>
    </line>
    <line>
      <![CDATA[Browser is opened and website is launched]]>
    </line>
  </reporter-output>
  <suite name="Default suite" duration-ms="23089" started-at="2018-02-21T14:43:24Z" finished-at="2018-02-21T14:43:47Z">
    <groups>
    </groups>
    <test name="Default test" duration-ms="23089" started-at="2018-02-21T14:43:24Z" finished-at="2018-02-21T14:43:47Z">
      <class name="tests.MercuryBookAFlight">
        <test-method status="PASS" signature="setUp()[pri:0, instance:tests.MercuryBookAFlight@77ab81]" name="setUp" is-config="true" duration-ms="8853" started-at="2018-02-21T20:13:24Z" finished-at="2018-02-21T20:13:33Z">
          <reporter-output>
            <line>
              <![CDATA[Browser is opened and website is launched]]>
            </line>
          </reporter-output>
        </test-method> <!-- setUp -->
        <test-method status="PASS" signature="login()[pri:0, instance:tests.MercuryBookAFlight@77ab81]" name="login" duration-ms="4853" started-at="2018-02-21T20:13:33Z" finished-at="2018-02-21T20:13:38Z">
          <reporter-output>
          </reporter-output>
        </test-method> <!-- login -->
        <test-method status="PASS" signature="flightFinder()[pri:1, instance:tests.MercuryBookAFlight@77ab81]" name="flightFinder" duration-ms="3458" started-at="2018-02-21T20:13:38Z" finished-at="2018-02-21T20:13:41Z">
          <reporter-output>
            <line>
              <![CDATA[Browser is opened and website is launched]]>
            </line>
          </reporter-output>
        </test-method> <!-- flightFinder -->
        <test-method status="PASS" signature="selectFlight()[pri:2, instance:tests.MercuryBookAFlight@77ab81]" name="selectFlight" duration-ms="1669" started-at="2018-02-21T20:13:41Z" finished-at="2018-02-21T20:13:43Z">
          <reporter-output>
          </reporter-output>
        </test-method> <!-- selectFlight -->
        <test-method status="PASS" signature="bookFlight()[pri:3, instance:tests.MercuryBookAFlight@77ab81]" name="bookFlight" duration-ms="3000" started-at="2018-02-21T20:13:43Z" finished-at="2018-02-21T20:13:46Z">
          <reporter-output>
          </reporter-output>
        </test-method> <!-- bookFlight -->
        <test-method status="PASS" signature="tearDown()[pri:0, instance:tests.MercuryBookAFlight@77ab81]" name="tearDown" is-config="true" duration-ms="1211" started-at="2018-02-21T20:13:46Z" finished-at="2018-02-21T20:13:47Z">
          <reporter-output>
          </reporter-output>
        </test-method> <!-- tearDown -->
      </class> <!-- tests.MercuryBookAFlight -->
    </test> <!-- Default test -->
  </suite> <!-- Default suite -->
</testng-results>
