<?xml version="1.0" encoding="UTF-8"?>
<!-- Generated by org.testng.reporters.JUnitXMLReporter -->
<testsuite hostname="HDC1-LX-446FHJX" ignored="0" name="Test" tests="4" failures="0" timestamp="25 May 2018 13:28:22 GMT" time="29.912" errors="0">
  <testcase name="login" time="5.043" classname="tests.MercuryBookAFlight"/>
  <testcase name="flightFinder" time="4.559" classname="tests.MercuryBookAFlight"/>
  <testcase name="selectFlight" time="2.287" classname="tests.MercuryBookAFlight"/>
  <testcase name="bookFlight" time="5.206" classname="tests.MercuryBookAFlight"/>
</testsuite> <!-- Test -->
