<?xml version="1.0" encoding="UTF-8"?>
<!-- Generated by org.testng.reporters.JUnitXMLReporter -->
<testsuite hostname="HDC1-LX-446FHJX" ignored="0" name="Test" tests="4" failures="0" timestamp="25 May 2018 10:23:07 GMT" time="104.42" errors="0">
  <testcase name="login" time="5.375" classname="tests.MercuryBookAFlight"/>
  <testcase name="flightFinder" time="4.026" classname="tests.MercuryBookAFlight"/>
  <testcase name="selectFlight" time="2.055" classname="tests.MercuryBookAFlight"/>
  <testcase name="bookFlight" time="54.033" classname="tests.MercuryBookAFlight"/>
</testsuite> <!-- Test -->
